# JRE version: OpenJDK Runtime Environment (7.0_79-b14) (build 1.7.0_79-b14)
# Java VM: OpenJDK 64-Bit Server VM (24.79-b02 mixed mode linux-amd64 compressed oops)
Heap
 PSYoungGen      total 107520K, used 3412K [0x00000000eaa80000, 0x00000000f1c80000, 0x0000000100000000)
  eden space 98304K, 0% used [0x00000000eaa80000,0x00000000eaa80000,0x00000000f0a80000)
  from space 9216K, 37% used [0x00000000f0a80000,0x00000000f0dd50d0,0x00000000f1380000)
  to   space 9216K, 0% used [0x00000000f1380000,0x00000000f1380000,0x00000000f1c80000)
 ParOldGen       total 62976K, used 11771K [0x00000000c0000000, 0x00000000c3d80000, 0x00000000eaa80000)
  object space 62976K, 18% used [0x00000000c0000000,0x00000000c0b7ec10,0x00000000c3d80000)
 PSPermGen       total 22016K, used 21880K [0x00000000b0000000, 0x00000000b1580000, 0x00000000c0000000)
  object space 22016K, 99% used [0x00000000b0000000,0x00000000b155e348,0x00000000b1580000)
GC Heap History (10 events):
Event: 1.118 GC heap after
Heap after GC invocations=2 (full 0):
 PSYoungGen      total 28160K, used 3558K [0x00000000eaa80000, 0x00000000ec980000, 0x0000000100000000)
  eden space 24576K, 0% used [0x00000000eaa80000,0x00000000eaa80000,0x00000000ec280000)
  from space 3584K, 99% used [0x00000000ec600000,0x00000000ec979870,0x00000000ec980000)
  to   space 3584K, 0% used [0x00000000ec280000,0x00000000ec280000,0x00000000ec600000)
 ParOldGen       total 62976K, used 811K [0x00000000c0000000, 0x00000000c3d80000, 0x00000000eaa80000)
  object space 62976K, 1% used [0x00000000c0000000,0x00000000c00cade0,0x00000000c3d80000)
 PSPermGen       total 21504K, used 10196K [0x00000000b0000000, 0x00000000b1500000, 0x00000000c0000000)
  object space 21504K, 47% used [0x00000000b0000000,0x00000000b09f53c0,0x00000000b1500000)
}
Event: 1.575 GC heap before
{Heap before GC invocations=3 (full 0):
 PSYoungGen      total 28160K, used 28134K [0x00000000eaa80000, 0x00000000ec980000, 0x0000000100000000)
  eden space 24576K, 100% used [0x00000000eaa80000,0x00000000ec280000,0x00000000ec280000)
  from space 3584K, 99% used [0x00000000ec600000,0x00000000ec979870,0x00000000ec980000)
  to   space 3584K, 0% used [0x00000000ec280000,0x00000000ec280000,0x00000000ec600000)
 ParOldGen       total 62976K, used 811K [0x00000000c0000000, 0x00000000c3d80000, 0x00000000eaa80000)
  object space 62976K, 1% used [0x00000000c0000000,0x00000000c00cade0,0x00000000c3d80000)
 PSPermGen       total 21504K, used 15726K [0x00000000b0000000, 0x00000000b1500000, 0x00000000c0000000)
  object space 21504K, 73% used [0x00000000b0000000,0x00000000b0f5baa8,0x00000000b1500000)
Event: 1.582 GC heap after
Heap after GC invocations=3 (full 0):
 PSYoungGen      total 28160K, used 3552K [0x00000000eaa80000, 0x00000000ee180000, 0x0000000100000000)
  eden space 24576K, 0% used [0x00000000eaa80000,0x00000000eaa80000,0x00000000ec280000)
  from space 3584K, 99% used [0x00000000ec280000,0x00000000ec5f8040,0x00000000ec600000)
  to   space 3584K, 0% used [0x00000000ede00000,0x00000000ede00000,0x00000000ee180000)
 ParOldGen       total 62976K, used 4207K [0x00000000c0000000, 0x00000000c3d80000, 0x00000000eaa80000)
  object space 62976K, 6% used [0x00000000c0000000,0x00000000c041be48,0x00000000c3d80000)
 PSPermGen       total 21504K, used 15726K [0x00000000b0000000, 0x00000000b1500000, 0x00000000c0000000)
  object space 21504K, 73% used [0x00000000b0000000,0x00000000b0f5baa8,0x00000000b1500000)
}
Event: 2.016 GC heap before
{Heap before GC invocations=4 (full 0):
 PSYoungGen      total 28160K, used 28128K [0x00000000eaa80000, 0x00000000ee180000, 0x0000000100000000)
  eden space 24576K, 100% used [0x00000000eaa80000,0x00000000ec280000,0x00000000ec280000)
  from space 3584K, 99% used [0x00000000ec280000,0x00000000ec5f8040,0x00000000ec600000)
  to   space 3584K, 0% used [0x00000000ede00000,0x00000000ede00000,0x00000000ee180000)
 ParOldGen       total 62976K, used 4207K [0x00000000c0000000, 0x00000000c3d80000, 0x00000000eaa80000)
  object space 62976K, 6% used [0x00000000c0000000,0x00000000c041be48,0x00000000c3d80000)
 PSPermGen       total 21504K, used 18112K [0x00000000b0000000, 0x00000000b1500000, 0x00000000c0000000)
  object space 21504K, 84% used [0x00000000b0000000,0x00000000b11b03e8,0x00000000b1500000)
Event: 2.025 GC heap after
Heap after GC invocations=4 (full 0):
 PSYoungGen      total 52736K, used 3568K [0x00000000eaa80000, 0x00000000ee180000, 0x0000000100000000)
  eden space 49152K, 0% used [0x00000000eaa80000,0x00000000eaa80000,0x00000000eda80000)
  from space 3584K, 99% used [0x00000000ede00000,0x00000000ee17c030,0x00000000ee180000)
  to   space 3584K, 0% used [0x00000000eda80000,0x00000000eda80000,0x00000000ede00000)
 ParOldGen       total 62976K, used 6918K [0x00000000c0000000, 0x00000000c3d80000, 0x00000000eaa80000)
  object space 62976K, 10% used [0x00000000c0000000,0x00000000c06c18e0,0x00000000c3d80000)
 PSPermGen       total 21504K, used 18112K [0x00000000b0000000, 0x00000000b1500000, 0x00000000c0000000)
  object space 21504K, 84% used [0x00000000b0000000,0x00000000b11b03e8,0x00000000b1500000)
}
Event: 2.531 GC heap before
{Heap before GC invocations=5 (full 0):
 PSYoungGen      total 52736K, used 52720K [0x00000000eaa80000, 0x00000000ee180000, 0x0000000100000000)
  eden space 49152K, 100% used [0x00000000eaa80000,0x00000000eda80000,0x00000000eda80000)
  from space 3584K, 99% used [0x00000000ede00000,0x00000000ee17c030,0x00000000ee180000)
  to   space 3584K, 0% used [0x00000000eda80000,0x00000000eda80000,0x00000000ede00000)
 ParOldGen       total 62976K, used 6918K [0x00000000c0000000, 0x00000000c3d80000, 0x00000000eaa80000)
  object space 62976K, 10% used [0x00000000c0000000,0x00000000c06c18e0,0x00000000c3d80000)
 PSPermGen       total 22016K, used 21839K [0x00000000b0000000, 0x00000000b1580000, 0x00000000c0000000)
  object space 22016K, 99% used [0x00000000b0000000,0x00000000b1553d08,0x00000000b1580000)
Event: 2.541 GC heap after
Heap after GC invocations=5 (full 0):
 PSYoungGen      total 52736K, used 3560K [0x00000000eaa80000, 0x00000000f1c80000, 0x0000000100000000)
  eden space 49152K, 0% used [0x00000000eaa80000,0x00000000eaa80000,0x00000000eda80000)
  from space 3584K, 99% used [0x00000000eda80000,0x00000000eddfa120,0x00000000ede00000)
  to   space 9216K, 0% used [0x00000000f1380000,0x00000000f1380000,0x00000000f1c80000)
 ParOldGen       total 62976K, used 10718K [0x00000000c0000000, 0x00000000c3d80000, 0x00000000eaa80000)
  object space 62976K, 17% used [0x00000000c0000000,0x00000000c0a77b80,0x00000000c3d80000)
 PSPermGen       total 22016K, used 21839K [0x00000000b0000000, 0x00000000b1580000, 0x00000000c0000000)
  object space 22016K, 99% used [0x00000000b0000000,0x00000000b1553d08,0x00000000b1580000)
}
Event: 2.698 GC heap before
{Heap before GC invocations=6 (full 0):
 PSYoungGen      total 52736K, used 52712K [0x00000000eaa80000, 0x00000000f1c80000, 0x0000000100000000)
  eden space 49152K, 100% used [0x00000000eaa80000,0x00000000eda80000,0x00000000eda80000)
  from space 3584K, 99% used [0x00000000eda80000,0x00000000eddfa120,0x00000000ede00000)
  to   space 9216K, 0% used [0x00000000f1380000,0x00000000f1380000,0x00000000f1c80000)
 ParOldGen       total 62976K, used 10718K [0x00000000c0000000, 0x00000000c3d80000, 0x00000000eaa80000)
  object space 62976K, 17% used [0x00000000c0000000,0x00000000c0a77b80,0x00000000c3d80000)
 PSPermGen       total 22016K, used 21845K [0x00000000b0000000, 0x00000000b1580000, 0x00000000c0000000)
  object space 22016K, 99% used [0x00000000b0000000,0x00000000b1555720,0x00000000b1580000)
Event: 2.704 GC heap after
Heap after GC invocations=6 (full 0):
 PSYoungGen      total 107520K, used 3928K [0x00000000eaa80000, 0x00000000f1c80000, 0x0000000100000000)
  eden space 98304K, 0% used [0x00000000eaa80000,0x00000000eaa80000,0x00000000f0a80000)
  from space 9216K, 42% used [0x00000000f1380000,0x00000000f17560f0,0x00000000f1c80000)
  to   space 9216K, 0% used [0x00000000f0a80000,0x00000000f0a80000,0x00000000f1380000)
 ParOldGen       total 62976K, used 10726K [0x00000000c0000000, 0x00000000c3d80000, 0x00000000eaa80000)
  object space 62976K, 17% used [0x00000000c0000000,0x00000000c0a79b80,0x00000000c3d80000)
 PSPermGen       total 22016K, used 21845K [0x00000000b0000000, 0x00000000b1580000, 0x00000000c0000000)
  object space 22016K, 99% used [0x00000000b0000000,0x00000000b1555720,0x00000000b1580000)
}
Event: 3.237 GC heap before
{Heap before GC invocations=7 (full 0):
 PSYoungGen      total 107520K, used 102232K [0x00000000eaa80000, 0x00000000f1c80000, 0x0000000100000000)
  eden space 98304K, 100% used [0x00000000eaa80000,0x00000000f0a80000,0x00000000f0a80000)
  from space 9216K, 42% used [0x00000000f1380000,0x00000000f17560f0,0x00000000f1c80000)
  to   space 9216K, 0% used [0x00000000f0a80000,0x00000000f0a80000,0x00000000f1380000)
 ParOldGen       total 62976K, used 10726K [0x00000000c0000000, 0x00000000c3d80000, 0x00000000eaa80000)
  object space 62976K, 17% used [0x00000000c0000000,0x00000000c0a79b80,0x00000000c3d80000)
 PSPermGen       total 22016K, used 21880K [0x00000000b0000000, 0x00000000b1580000, 0x00000000c0000000)
  object space 22016K, 99% used [0x00000000b0000000,0x00000000b155e348,0x00000000b1580000)

